<?xml version="1.0" encoding="UTF-8"?>
<testng-results ignored="0" total="1" passed="1" failed="0" skipped="0">
  <reporter-output>
  </reporter-output>
  <suite started-at="2025-03-25T16:26:58 IST" name="Default suite" finished-at="2025-03-25T16:27:22 IST" duration-ms="24355">
    <groups>
    </groups>
    <test started-at="2025-03-25T16:26:58 IST" name="Default test" finished-at="2025-03-25T16:27:22 IST" duration-ms="24355">
      <class name="test_Cases.Pay_User_003TestCases">
        <test-method is-config="true" signature="OpenApplication()[pri:0, instance:test_Cases.Pay_User_003TestCases@7d20d0b]" started-at="2025-03-25T16:26:58 IST" name="OpenApplication" finished-at="2025-03-25T16:27:04 IST" duration-ms="5777" status="PASS">
          <reporter-output>
          </reporter-output>
        </test-method> <!-- OpenApplication -->
        <test-method signature="payUser()[pri:0, instance:test_Cases.Pay_User_003TestCases@7d20d0b]" started-at="2025-03-25T16:27:04 IST" name="payUser" finished-at="2025-03-25T16:27:22 IST" duration-ms="18470" status="PASS">
          <reporter-output>
          </reporter-output>
        </test-method> <!-- payUser -->
      </class> <!-- test_Cases.Pay_User_003TestCases -->
    </test> <!-- Default test -->
  </suite> <!-- Default suite -->
</testng-results>
